<?xml version="1.0" encoding="UTF-8"?>
<!-- Generated by org.testng.reporters.JUnitXMLReporter -->
<testsuite ignored="0" hostname="DESKTOP-JVUDO4G" failures="0" tests="14" name="Test" time="0.414" errors="0" timestamp="2023-12-26T18:29:59 PKT">
  <testcase classname="annotations.testng.Class3" name="Test10" time="0.023"/>
  <testcase classname="annotations.testng.Class3" name="Test11" time="0.018"/>
  <testcase classname="annotations.testng.Class3" name="Test12" time="0.013"/>
  <testcase classname="annotations.testng.Class3" name="Test9" time="0.004"/>
  <testcase classname="annotations.testng.Class4" name="class13" time="0.003"/>
  <testcase classname="annotations.testng.Class4" name="class14" time="0.018"/>
  <testcase classname="annotations.testng.Class1" name="test1" time="0.008"/>
  <testcase classname="annotations.testng.Class1" name="test2" time="0.002"/>
  <testcase classname="annotations.testng.Class1" name="test3" time="0.007"/>
  <testcase classname="annotations.testng.Class1" name="test4" time="0.003"/>
  <testcase classname="annotations.testng.Class2" name="Test5" time="0.047"/>
  <testcase classname="annotations.testng.Class2" name="Test6" time="0.011"/>
  <testcase classname="annotations.testng.Class2" name="Test7" time="0.002"/>
  <testcase classname="annotations.testng.Class2" name="Test8" time="0.01"/>
</testsuite> <!-- Test -->
